  chat_lobby.cpp
C:\Program Files (x86)\Windows Kits\8.1\Include\um\DbgHelp.h(1544): warning C4091: 'typedef ': 변수를 선언하지 않으면 '' 왼쪽은 무시됩니다.
C:\Program Files (x86)\Windows Kits\8.1\Include\um\DbgHelp.h(3190): warning C4091: 'typedef ': 변수를 선언하지 않으면 '' 왼쪽은 무시됩니다.
c:\users\jihwan.cha\documents\github\chat\chat-server\chat_server\common\../core/object_pool.hpp : warning C4819: 현재 코드 페이지(949)에서 표시할 수 없는 문자가 파일에 들어 있습니다. 데이터가 손실되지 않게 하려면 해당 파일을 유니코드 형식으로 저장하십시오.
contents\chat_lobby.cpp(20): warning C4100: 'user': 참조되지 않은 정식 매개 변수입니다.
C:\Program Files (x86)\Microsoft Visual Studio 14.0\VC\include\xmemory0(737): error C2664: 'std::pair<const _Kty,_Ty>::pair(std::pair<const _Kty,_Ty> &&)': 인수 2을(를) 'c2::server::contents::chat_user *'에서 'c2::server::contents::chat_session *const &'(으)로 변환할 수 없습니다.
          with
          [
              _Kty=std::string,
              _Ty=c2::server::contents::chat_session *
          ]
  C:\Program Files (x86)\Microsoft Visual Studio 14.0\VC\include\xmemory0(737): note: 원인: 'c2::server::contents::chat_user *'에서 'c2::server::contents::chat_session *const '(으)로 변환할 수 없습니다.
  C:\Program Files (x86)\Microsoft Visual Studio 14.0\VC\include\xmemory0(737): note: 가리킨 형식이 관련이 없습니다. 변환하려면 reinterpret_cast, C 스타일 캐스트 또는 함수 스타일 캐스트가 필요합니다.
  C:\Program Files (x86)\Microsoft Visual Studio 14.0\VC\include\xmemory0(857): note: 컴파일 중인 함수 템플릿 인스턴스화 'void std::allocator<_Other>::construct<_Objty,std::string&,c2::server::contents::chat_user*&>(_Objty *,std::string &,c2::server::contents::chat_user *&)'에 대한 참조를 확인하십시오.
          with
          [
              _Other=std::_List_node<std::pair<const std::string,c2::server::contents::chat_session *>,void *>,
              _Objty=std::pair<const std::string,c2::server::contents::chat_session *>
          ]
  C:\Program Files (x86)\Microsoft Visual Studio 14.0\VC\include\xmemory0(857): note: 컴파일 중인 함수 템플릿 인스턴스화 'void std::allocator<_Other>::construct<_Objty,std::string&,c2::server::contents::chat_user*&>(_Objty *,std::string &,c2::server::contents::chat_user *&)'에 대한 참조를 확인하십시오.
          with
          [
              _Other=std::_List_node<std::pair<const std::string,c2::server::contents::chat_session *>,void *>,
              _Objty=std::pair<const std::string,c2::server::contents::chat_session *>
          ]
  C:\Program Files (x86)\Microsoft Visual Studio 14.0\VC\include\xmemory0(996): note: 컴파일 중인 함수 템플릿 인스턴스화 'void std::allocator_traits<_Alloc>::construct<_Ty,std::string&,c2::server::contents::chat_user*&>(std::allocator<_Other> &,_Objty *,std::string &,c2::server::contents::chat_user *&)'에 대한 참조를 확인하십시오.
          with
          [
              _Alloc=std::allocator<std::_List_node<std::pair<const std::string,c2::server::contents::chat_session *>,void *>>,
              _Ty=std::pair<const std::string,c2::server::contents::chat_session *>,
              _Other=std::_List_node<std::pair<const std::string,c2::server::contents::chat_session *>,void *>,
              _Objty=std::pair<const std::string,c2::server::contents::chat_session *>
          ]
  C:\Program Files (x86)\Microsoft Visual Studio 14.0\VC\include\xmemory0(995): note: 컴파일 중인 함수 템플릿 인스턴스화 'void std::allocator_traits<_Alloc>::construct<_Ty,std::string&,c2::server::contents::chat_user*&>(std::allocator<_Other> &,_Objty *,std::string &,c2::server::contents::chat_user *&)'에 대한 참조를 확인하십시오.
          with
          [
              _Alloc=std::allocator<std::_List_node<std::pair<const std::string,c2::server::contents::chat_session *>,void *>>,
              _Ty=std::pair<const std::string,c2::server::contents::chat_session *>,
              _Other=std::_List_node<std::pair<const std::string,c2::server::contents::chat_session *>,void *>,
              _Objty=std::pair<const std::string,c2::server::contents::chat_session *>
          ]
  C:\Program Files (x86)\Microsoft Visual Studio 14.0\VC\include\list(837): note: 컴파일 중인 함수 템플릿 인스턴스화 'void std::_Wrap_alloc<std::allocator<_Other>>::construct<_Ty,std::string&,c2::server::contents::chat_user*&>(_Ty *,std::string &,c2::server::contents::chat_user *&)'에 대한 참조를 확인하십시오.
          with
          [
              _Other=std::_List_node<std::pair<const std::string,c2::server::contents::chat_session *>,void *>,
              _Ty=std::pair<const std::string,c2::server::contents::chat_session *>
          ]
  C:\Program Files (x86)\Microsoft Visual Studio 14.0\VC\include\list(835): note: 컴파일 중인 함수 템플릿 인스턴스화 'void std::_Wrap_alloc<std::allocator<_Other>>::construct<_Ty,std::string&,c2::server::contents::chat_user*&>(_Ty *,std::string &,c2::server::contents::chat_user *&)'에 대한 참조를 확인하십시오.
          with
          [
              _Other=std::_List_node<std::pair<const std::string,c2::server::contents::chat_session *>,void *>,
              _Ty=std::pair<const std::string,c2::server::contents::chat_session *>
          ]
  C:\Program Files (x86)\Microsoft Visual Studio 14.0\VC\include\list(1065): note: 컴파일 중인 함수 템플릿 인스턴스화 'std::_List_node<std::pair<const _Kty,_Ty>,void *> *std::_List_buy<std::pair<const _Kty,_Ty>,_Alloc>::_Buynode<std::string&,c2::server::contents::chat_user*&>(std::_List_node<std::pair<const _Kty,_Ty>,void *> *,std::_List_node<std::pair<const _Kty,_Ty>,void *> *,std::string &,c2::server::contents::chat_user *&)'에 대한 참조를 확인하십시오.
          with
          [
              _Kty=std::string,
              _Ty=c2::server::contents::chat_session *,
              _Alloc=std::allocator<std::pair<const std::string,c2::server::contents::chat_session *>>
          ]
  C:\Program Files (x86)\Microsoft Visual Studio 14.0\VC\include\list(1064): note: 컴파일 중인 함수 템플릿 인스턴스화 'std::_List_node<std::pair<const _Kty,_Ty>,void *> *std::_List_buy<std::pair<const _Kty,_Ty>,_Alloc>::_Buynode<std::string&,c2::server::contents::chat_user*&>(std::_List_node<std::pair<const _Kty,_Ty>,void *> *,std::_List_node<std::pair<const _Kty,_Ty>,void *> *,std::string &,c2::server::contents::chat_user *&)'에 대한 참조를 확인하십시오.
          with
          [
              _Kty=std::string,
              _Ty=c2::server::contents::chat_session *,
              _Alloc=std::allocator<std::pair<const std::string,c2::server::contents::chat_session *>>
          ]
  C:\Program Files (x86)\Microsoft Visual Studio 14.0\VC\include\list(1037): note: 컴파일 중인 함수 템플릿 인스턴스화 'void std::list<std::pair<const _Kty,_Ty>,std::allocator<std::pair<const _Kty,_Ty>>>::_Insert<std::string&,c2::server::contents::chat_user*&>(std::_List_unchecked_const_iterator<std::_List_val<std::_List_simple_types<std::pair<const _Kty,_Ty>>>,std::_Iterator_base0>,std::string &,c2::server::contents::chat_user *&)'에 대한 참조를 확인하십시오.
          with
          [
              _Kty=std::string,
              _Ty=c2::server::contents::chat_session *
          ]
  C:\Program Files (x86)\Microsoft Visual Studio 14.0\VC\include\list(1037): note: 컴파일 중인 함수 템플릿 인스턴스화 'void std::list<std::pair<const _Kty,_Ty>,std::allocator<std::pair<const _Kty,_Ty>>>::_Insert<std::string&,c2::server::contents::chat_user*&>(std::_List_unchecked_const_iterator<std::_List_val<std::_List_simple_types<std::pair<const _Kty,_Ty>>>,std::_Iterator_base0>,std::string &,c2::server::contents::chat_user *&)'에 대한 참조를 확인하십시오.
          with
          [
              _Kty=std::string,
              _Ty=c2::server::contents::chat_session *
          ]
  C:\Program Files (x86)\Microsoft Visual Studio 14.0\VC\include\xhash(254): note: 컴파일 중인 함수 템플릿 인스턴스화 'void std::list<std::pair<const _Kty,_Ty>,std::allocator<std::pair<const _Kty,_Ty>>>::emplace_front<std::string&,c2::server::contents::chat_user*&>(std::string &,c2::server::contents::chat_user *&)'에 대한 참조를 확인하십시오.
          with
          [
              _Kty=std::string,
              _Ty=c2::server::contents::chat_session *
          ]
  C:\Program Files (x86)\Microsoft Visual Studio 14.0\VC\include\xhash(254): note: 컴파일 중인 함수 템플릿 인스턴스화 'void std::list<std::pair<const _Kty,_Ty>,std::allocator<std::pair<const _Kty,_Ty>>>::emplace_front<std::string&,c2::server::contents::chat_user*&>(std::string &,c2::server::contents::chat_user *&)'에 대한 참조를 확인하십시오.
          with
          [
              _Kty=std::string,
              _Ty=c2::server::contents::chat_session *
          ]
  contents\chat_lobby.cpp(17): note: 컴파일 중인 함수 템플릿 인스턴스화 'std::pair<std::_List_iterator<std::_List_val<std::_List_simple_types<std::pair<const _Kty,_Ty>>>>,bool> std::_Hash<std::_Umap_traits<_Kty,_Ty,std::_Uhash_compare<_Kty,_Hasher,_Keyeq>,_Alloc,false>>::emplace<std::string&,c2::server::contents::chat_user*&>(std::string &,c2::server::contents::chat_user *&)'에 대한 참조를 확인하십시오.
          with
          [
              _Kty=std::string,
              _Ty=c2::server::contents::chat_session *,
              _Hasher=std::hash<std::string>,
              _Keyeq=std::equal_to<std::string>,
              _Alloc=std::allocator<std::pair<const std::string,c2::server::contents::chat_session *>>
          ]
  contents\chat_lobby.cpp(17): note: 컴파일 중인 함수 템플릿 인스턴스화 'std::pair<std::_List_iterator<std::_List_val<std::_List_simple_types<std::pair<const _Kty,_Ty>>>>,bool> std::_Hash<std::_Umap_traits<_Kty,_Ty,std::_Uhash_compare<_Kty,_Hasher,_Keyeq>,_Alloc,false>>::emplace<std::string&,c2::server::contents::chat_user*&>(std::string &,c2::server::contents::chat_user *&)'에 대한 참조를 확인하십시오.
          with
          [
              _Kty=std::string,
              _Ty=c2::server::contents::chat_session *,
              _Hasher=std::hash<std::string>,
              _Keyeq=std::equal_to<std::string>,
              _Alloc=std::allocator<std::pair<const std::string,c2::server::contents::chat_session *>>
          ]
  chat_room.cpp
C:\Program Files (x86)\Windows Kits\8.1\Include\um\DbgHelp.h(1544): warning C4091: 'typedef ': 변수를 선언하지 않으면 '' 왼쪽은 무시됩니다.
C:\Program Files (x86)\Windows Kits\8.1\Include\um\DbgHelp.h(3190): warning C4091: 'typedef ': 변수를 선언하지 않으면 '' 왼쪽은 무시됩니다.
c:\users\jihwan.cha\documents\github\chat\chat-server\chat_server\common\../core/object_pool.hpp : warning C4819: 현재 코드 페이지(949)에서 표시할 수 없는 문자가 파일에 들어 있습니다. 데이터가 손실되지 않게 하려면 해당 파일을 유니코드 형식으로 저장하십시오.
contents\chat_room.cpp(31): warning C4458: 'name' 선언은 클래스 멤버를 숨깁니다.
  c:\users\jihwan.cha\documents\github\chat\chat-server\chat_server\common\../contents/chat_room.h(19): note: 'c2::server::contents::chat_room::name' 선언을 참조하십시오.
contents\chat_room.cpp(41): warning C4100: 'user': 참조되지 않은 정식 매개 변수입니다.
C:\Program Files (x86)\Microsoft Visual Studio 14.0\VC\include\xmemory0(737): error C2664: 'std::pair<const _Kty,_Ty>::pair(std::pair<const _Kty,_Ty> &&)': 인수 2을(를) 'c2::server::contents::chat_user *'에서 'c2::server::contents::chat_session *const &'(으)로 변환할 수 없습니다.
          with
          [
              _Kty=std::string,
              _Ty=c2::server::contents::chat_session *
          ]
  C:\Program Files (x86)\Microsoft Visual Studio 14.0\VC\include\xmemory0(737): note: 원인: 'c2::server::contents::chat_user *'에서 'c2::server::contents::chat_session *const '(으)로 변환할 수 없습니다.
  C:\Program Files (x86)\Microsoft Visual Studio 14.0\VC\include\xmemory0(737): note: 가리킨 형식이 관련이 없습니다. 변환하려면 reinterpret_cast, C 스타일 캐스트 또는 함수 스타일 캐스트가 필요합니다.
  C:\Program Files (x86)\Microsoft Visual Studio 14.0\VC\include\xmemory0(857): note: 컴파일 중인 함수 템플릿 인스턴스화 'void std::allocator<_Other>::construct<_Objty,std::string&,c2::server::contents::chat_user*&>(_Objty *,std::string &,c2::server::contents::chat_user *&)'에 대한 참조를 확인하십시오.
          with
          [
              _Other=std::_List_node<std::pair<const std::string,c2::server::contents::chat_session *>,void *>,
              _Objty=std::pair<const std::string,c2::server::contents::chat_session *>
          ]
  C:\Program Files (x86)\Microsoft Visual Studio 14.0\VC\include\xmemory0(857): note: 컴파일 중인 함수 템플릿 인스턴스화 'void std::allocator<_Other>::construct<_Objty,std::string&,c2::server::contents::chat_user*&>(_Objty *,std::string &,c2::server::contents::chat_user *&)'에 대한 참조를 확인하십시오.
          with
          [
              _Other=std::_List_node<std::pair<const std::string,c2::server::contents::chat_session *>,void *>,
              _Objty=std::pair<const std::string,c2::server::contents::chat_session *>
          ]
  C:\Program Files (x86)\Microsoft Visual Studio 14.0\VC\include\xmemory0(996): note: 컴파일 중인 함수 템플릿 인스턴스화 'void std::allocator_traits<_Alloc>::construct<_Ty,std::string&,c2::server::contents::chat_user*&>(std::allocator<_Other> &,_Objty *,std::string &,c2::server::contents::chat_user *&)'에 대한 참조를 확인하십시오.
          with
          [
              _Alloc=std::allocator<std::_List_node<std::pair<const std::string,c2::server::contents::chat_session *>,void *>>,
              _Ty=std::pair<const std::string,c2::server::contents::chat_session *>,
              _Other=std::_List_node<std::pair<const std::string,c2::server::contents::chat_session *>,void *>,
              _Objty=std::pair<const std::string,c2::server::contents::chat_session *>
          ]
  C:\Program Files (x86)\Microsoft Visual Studio 14.0\VC\include\xmemory0(995): note: 컴파일 중인 함수 템플릿 인스턴스화 'void std::allocator_traits<_Alloc>::construct<_Ty,std::string&,c2::server::contents::chat_user*&>(std::allocator<_Other> &,_Objty *,std::string &,c2::server::contents::chat_user *&)'에 대한 참조를 확인하십시오.
          with
          [
              _Alloc=std::allocator<std::_List_node<std::pair<const std::string,c2::server::contents::chat_session *>,void *>>,
              _Ty=std::pair<const std::string,c2::server::contents::chat_session *>,
              _Other=std::_List_node<std::pair<const std::string,c2::server::contents::chat_session *>,void *>,
              _Objty=std::pair<const std::string,c2::server::contents::chat_session *>
          ]
  C:\Program Files (x86)\Microsoft Visual Studio 14.0\VC\include\list(837): note: 컴파일 중인 함수 템플릿 인스턴스화 'void std::_Wrap_alloc<std::allocator<_Other>>::construct<_Ty,std::string&,c2::server::contents::chat_user*&>(_Ty *,std::string &,c2::server::contents::chat_user *&)'에 대한 참조를 확인하십시오.
          with
          [
              _Other=std::_List_node<std::pair<const std::string,c2::server::contents::chat_session *>,void *>,
              _Ty=std::pair<const std::string,c2::server::contents::chat_session *>
          ]
  C:\Program Files (x86)\Microsoft Visual Studio 14.0\VC\include\list(835): note: 컴파일 중인 함수 템플릿 인스턴스화 'void std::_Wrap_alloc<std::allocator<_Other>>::construct<_Ty,std::string&,c2::server::contents::chat_user*&>(_Ty *,std::string &,c2::server::contents::chat_user *&)'에 대한 참조를 확인하십시오.
          with
          [
              _Other=std::_List_node<std::pair<const std::string,c2::server::contents::chat_session *>,void *>,
              _Ty=std::pair<const std::string,c2::server::contents::chat_session *>
          ]
  C:\Program Files (x86)\Microsoft Visual Studio 14.0\VC\include\list(1065): note: 컴파일 중인 함수 템플릿 인스턴스화 'std::_List_node<std::pair<const _Kty,_Ty>,void *> *std::_List_buy<std::pair<const _Kty,_Ty>,_Alloc>::_Buynode<std::string&,c2::server::contents::chat_user*&>(std::_List_node<std::pair<const _Kty,_Ty>,void *> *,std::_List_node<std::pair<const _Kty,_Ty>,void *> *,std::string &,c2::server::contents::chat_user *&)'에 대한 참조를 확인하십시오.
          with
          [
              _Kty=std::string,
              _Ty=c2::server::contents::chat_session *,
              _Alloc=std::allocator<std::pair<const std::string,c2::server::contents::chat_session *>>
          ]
  C:\Program Files (x86)\Microsoft Visual Studio 14.0\VC\include\list(1064): note: 컴파일 중인 함수 템플릿 인스턴스화 'std::_List_node<std::pair<const _Kty,_Ty>,void *> *std::_List_buy<std::pair<const _Kty,_Ty>,_Alloc>::_Buynode<std::string&,c2::server::contents::chat_user*&>(std::_List_node<std::pair<const _Kty,_Ty>,void *> *,std::_List_node<std::pair<const _Kty,_Ty>,void *> *,std::string &,c2::server::contents::chat_user *&)'에 대한 참조를 확인하십시오.
          with
          [
              _Kty=std::string,
              _Ty=c2::server::contents::chat_session *,
              _Alloc=std::allocator<std::pair<const std::string,c2::server::contents::chat_session *>>
          ]
  C:\Program Files (x86)\Microsoft Visual Studio 14.0\VC\include\list(1037): note: 컴파일 중인 함수 템플릿 인스턴스화 'void std::list<std::pair<const _Kty,_Ty>,std::allocator<std::pair<const _Kty,_Ty>>>::_Insert<std::string&,c2::server::contents::chat_user*&>(std::_List_unchecked_const_iterator<std::_List_val<std::_List_simple_types<std::pair<const _Kty,_Ty>>>,std::_Iterator_base0>,std::string &,c2::server::contents::chat_user *&)'에 대한 참조를 확인하십시오.
          with
          [
              _Kty=std::string,
              _Ty=c2::server::contents::chat_session *
          ]
  C:\Program Files (x86)\Microsoft Visual Studio 14.0\VC\include\list(1037): note: 컴파일 중인 함수 템플릿 인스턴스화 'void std::list<std::pair<const _Kty,_Ty>,std::allocator<std::pair<const _Kty,_Ty>>>::_Insert<std::string&,c2::server::contents::chat_user*&>(std::_List_unchecked_const_iterator<std::_List_val<std::_List_simple_types<std::pair<const _Kty,_Ty>>>,std::_Iterator_base0>,std::string &,c2::server::contents::chat_user *&)'에 대한 참조를 확인하십시오.
          with
          [
              _Kty=std::string,
              _Ty=c2::server::contents::chat_session *
          ]
  C:\Program Files (x86)\Microsoft Visual Studio 14.0\VC\include\xhash(254): note: 컴파일 중인 함수 템플릿 인스턴스화 'void std::list<std::pair<const _Kty,_Ty>,std::allocator<std::pair<const _Kty,_Ty>>>::emplace_front<std::string&,c2::server::contents::chat_user*&>(std::string &,c2::server::contents::chat_user *&)'에 대한 참조를 확인하십시오.
          with
          [
              _Kty=std::string,
              _Ty=c2::server::contents::chat_session *
          ]
  C:\Program Files (x86)\Microsoft Visual Studio 14.0\VC\include\xhash(254): note: 컴파일 중인 함수 템플릿 인스턴스화 'void std::list<std::pair<const _Kty,_Ty>,std::allocator<std::pair<const _Kty,_Ty>>>::emplace_front<std::string&,c2::server::contents::chat_user*&>(std::string &,c2::server::contents::chat_user *&)'에 대한 참조를 확인하십시오.
          with
          [
              _Kty=std::string,
              _Ty=c2::server::contents::chat_session *
          ]
  contents\chat_room.cpp(38): note: 컴파일 중인 함수 템플릿 인스턴스화 'std::pair<std::_List_iterator<std::_List_val<std::_List_simple_types<std::pair<const _Kty,_Ty>>>>,bool> std::_Hash<std::_Umap_traits<_Kty,_Ty,std::_Uhash_compare<_Kty,_Hasher,_Keyeq>,_Alloc,false>>::emplace<std::string&,c2::server::contents::chat_user*&>(std::string &,c2::server::contents::chat_user *&)'에 대한 참조를 확인하십시오.
          with
          [
              _Kty=std::string,
              _Ty=c2::server::contents::chat_session *,
              _Hasher=std::hash<std::string>,
              _Keyeq=std::equal_to<std::string>,
              _Alloc=std::allocator<std::pair<const std::string,c2::server::contents::chat_session *>>
          ]
  contents\chat_room.cpp(38): note: 컴파일 중인 함수 템플릿 인스턴스화 'std::pair<std::_List_iterator<std::_List_val<std::_List_simple_types<std::pair<const _Kty,_Ty>>>>,bool> std::_Hash<std::_Umap_traits<_Kty,_Ty,std::_Uhash_compare<_Kty,_Hasher,_Keyeq>,_Alloc,false>>::emplace<std::string&,c2::server::contents::chat_user*&>(std::string &,c2::server::contents::chat_user *&)'에 대한 참조를 확인하십시오.
          with
          [
              _Kty=std::string,
              _Ty=c2::server::contents::chat_session *,
              _Hasher=std::hash<std::string>,
              _Keyeq=std::equal_to<std::string>,
              _Alloc=std::allocator<std::pair<const std::string,c2::server::contents::chat_session *>>
          ]
  chat_room_manager.cpp
C:\Program Files (x86)\Windows Kits\8.1\Include\um\DbgHelp.h(1544): warning C4091: 'typedef ': 변수를 선언하지 않으면 '' 왼쪽은 무시됩니다.
C:\Program Files (x86)\Windows Kits\8.1\Include\um\DbgHelp.h(3190): warning C4091: 'typedef ': 변수를 선언하지 않으면 '' 왼쪽은 무시됩니다.
c:\users\jihwan.cha\documents\github\chat\chat-server\chat_server\common\../core/object_pool.hpp : warning C4819: 현재 코드 페이지(949)에서 표시할 수 없는 문자가 파일에 들어 있습니다. 데이터가 손실되지 않게 하려면 해당 파일을 유니코드 형식으로 저장하십시오.
  chat_server.cpp
C:\Program Files (x86)\Windows Kits\8.1\Include\um\DbgHelp.h(1544): warning C4091: 'typedef ': 변수를 선언하지 않으면 '' 왼쪽은 무시됩니다.
C:\Program Files (x86)\Windows Kits\8.1\Include\um\DbgHelp.h(3190): warning C4091: 'typedef ': 변수를 선언하지 않으면 '' 왼쪽은 무시됩니다.
c:\users\jihwan.cha\documents\github\chat\chat-server\chat_server\common\../core/object_pool.hpp : warning C4819: 현재 코드 페이지(949)에서 표시할 수 없는 문자가 파일에 들어 있습니다. 데이터가 손실되지 않게 하려면 해당 파일을 유니코드 형식으로 저장하십시오.
  chat_session.cpp
C:\Program Files (x86)\Windows Kits\8.1\Include\um\DbgHelp.h(1544): warning C4091: 'typedef ': 변수를 선언하지 않으면 '' 왼쪽은 무시됩니다.
C:\Program Files (x86)\Windows Kits\8.1\Include\um\DbgHelp.h(3190): warning C4091: 'typedef ': 변수를 선언하지 않으면 '' 왼쪽은 무시됩니다.
c:\users\jihwan.cha\documents\github\chat\chat-server\chat_server\common\../core/object_pool.hpp : warning C4819: 현재 코드 페이지(949)에서 표시할 수 없는 문자가 파일에 들어 있습니다. 데이터가 손실되지 않게 하려면 해당 파일을 유니코드 형식으로 저장하십시오.
c:\users\jihwan.cha\documents\github\chat\chat-server\chat_server\common\../core/payload_buffer.h(117): warning C4267: '+=': 'size_t'에서 'uint32_t'(으)로 변환하면서 데이터가 손실될 수 있습니다.
  c:\users\jihwan.cha\documents\github\chat\chat-server\chat_server\common\../core/payload_buffer.h(116): note: 클래스 템플릿 멤버 함수 'void payload_buffer<65536>::move_read_head(std::size_t)'을(를) 컴파일하고 있습니다.
  contents\chat_session.cpp(14): note: 컴파일 중인 함수 템플릿 인스턴스화 'void payload_buffer<65536>::move_read_head(std::size_t)'에 대한 참조를 확인하십시오.
  c:\users\jihwan.cha\documents\github\chat\chat-server\chat_server\common\../core/session.h(40): note: 컴파일 중인 클래스 템플릿 인스턴스화 'payload_buffer<65536>'에 대한 참조를 확인하십시오.
c:\users\jihwan.cha\documents\github\chat\chat-server\chat_server\common\../core/payload_buffer.h(82): warning C4267: '=': 'size_t'에서 'uint32_t'(으)로 변환하면서 데이터가 손실될 수 있습니다.
  c:\users\jihwan.cha\documents\github\chat\chat-server\chat_server\common\../core/payload_buffer.h(77): note: 클래스 템플릿 멤버 함수 'void payload_buffer<65536>::rewind(void)'을(를) 컴파일하고 있습니다.
  contents\chat_session.cpp(16): note: 컴파일 중인 함수 템플릿 인스턴스화 'void payload_buffer<65536>::rewind(void)'에 대한 참조를 확인하십시오.
  chat_user.cpp
C:\Program Files (x86)\Windows Kits\8.1\Include\um\DbgHelp.h(1544): warning C4091: 'typedef ': 변수를 선언하지 않으면 '' 왼쪽은 무시됩니다.
C:\Program Files (x86)\Windows Kits\8.1\Include\um\DbgHelp.h(3190): warning C4091: 'typedef ': 변수를 선언하지 않으면 '' 왼쪽은 무시됩니다.
c:\users\jihwan.cha\documents\github\chat\chat-server\chat_server\common\../core/object_pool.hpp : warning C4819: 현재 코드 페이지(949)에서 표시할 수 없는 문자가 파일에 들어 있습니다. 데이터가 손실되지 않게 하려면 해당 파일을 유니코드 형식으로 저장하십시오.
contents\chat_user.cpp(13): warning C4100: 'room_name': 참조되지 않은 정식 매개 변수입니다.
contents\chat_user.cpp(47): warning C4100: 'user_name': 참조되지 않은 정식 매개 변수입니다.
contents\chat_user.cpp(72): warning C4458: 'name' 선언은 클래스 멤버를 숨깁니다.
  c:\users\jihwan.cha\documents\github\chat\chat-server\chat_server\common\../contents/chat_user.h(38): note: 'c2::server::contents::chat_user::name' 선언을 참조하십시오.
  packet_handler.cpp
C:\Program Files (x86)\Windows Kits\8.1\Include\um\DbgHelp.h(1544): warning C4091: 'typedef ': 변수를 선언하지 않으면 '' 왼쪽은 무시됩니다.
C:\Program Files (x86)\Windows Kits\8.1\Include\um\DbgHelp.h(3190): warning C4091: 'typedef ': 변수를 선언하지 않으면 '' 왼쪽은 무시됩니다.
c:\users\jihwan.cha\documents\github\chat\chat-server\chat_server\common\../core/object_pool.hpp : warning C4819: 현재 코드 페이지(949)에서 표시할 수 없는 문자가 파일에 들어 있습니다. 데이터가 손실되지 않게 하려면 해당 파일을 유니코드 형식으로 저장하십시오.
contents\packet_handler.cpp(3): warning C4100: 'in_buffer': 참조되지 않은 정식 매개 변수입니다.
contents\packet_handler.cpp(3): warning C4100: 'sess': 참조되지 않은 정식 매개 변수입니다.
contents\packet_handler.cpp(8): warning C4100: 'in_buffer': 참조되지 않은 정식 매개 변수입니다.
contents\packet_handler.cpp(8): warning C4100: 'sess': 참조되지 않은 정식 매개 변수입니다.
contents\packet_handler.cpp(13): warning C4100: 'in_buffer': 참조되지 않은 정식 매개 변수입니다.
contents\packet_handler.cpp(13): warning C4100: 'sess': 참조되지 않은 정식 매개 변수입니다.
contents\packet_handler.cpp(18): warning C4100: 'in_buffer': 참조되지 않은 정식 매개 변수입니다.
contents\packet_handler.cpp(18): warning C4100: 'sess': 참조되지 않은 정식 매개 변수입니다.
contents\packet_handler.cpp(23): warning C4100: 'in_buffer': 참조되지 않은 정식 매개 변수입니다.
contents\packet_handler.cpp(23): warning C4100: 'sess': 참조되지 않은 정식 매개 변수입니다.
contents\packet_handler.cpp(28): warning C4100: 'in_buffer': 참조되지 않은 정식 매개 변수입니다.
contents\packet_handler.cpp(28): warning C4100: 'sess': 참조되지 않은 정식 매개 변수입니다.
contents\packet_handler.cpp(33): warning C4100: 'in_buffer': 참조되지 않은 정식 매개 변수입니다.
contents\packet_handler.cpp(33): warning C4100: 'sess': 참조되지 않은 정식 매개 변수입니다.
contents\packet_handler.cpp(38): warning C4100: 'in_buffer': 참조되지 않은 정식 매개 변수입니다.
contents\packet_handler.cpp(38): warning C4100: 'sess': 참조되지 않은 정식 매개 변수입니다.
contents\packet_handler.cpp(43): warning C4100: 'in_buffer': 참조되지 않은 정식 매개 변수입니다.
contents\packet_handler.cpp(43): warning C4100: 'sess': 참조되지 않은 정식 매개 변수입니다.
  telnet_parser.cpp
C:\Program Files (x86)\Windows Kits\8.1\Include\um\DbgHelp.h(1544): warning C4091: 'typedef ': 변수를 선언하지 않으면 '' 왼쪽은 무시됩니다.
C:\Program Files (x86)\Windows Kits\8.1\Include\um\DbgHelp.h(3190): warning C4091: 'typedef ': 변수를 선언하지 않으면 '' 왼쪽은 무시됩니다.
c:\users\jihwan.cha\documents\github\chat\chat-server\chat_server\common\../core/object_pool.hpp : warning C4819: 현재 코드 페이지(949)에서 표시할 수 없는 문자가 파일에 들어 있습니다. 데이터가 손실되지 않게 하려면 해당 파일을 유니코드 형식으로 저장하십시오.
contents\telnet_parser.cpp(12): warning C4100: 'out_buffer': 참조되지 않은 정식 매개 변수입니다.
contents\telnet_parser.cpp(117): warning C4189: 'in_buf': 지역 변수가 초기화되었으나 참조되지 않았습니다.
contents\telnet_parser.cpp(450): warning C4189: 'whisper_msg_str': 지역 변수가 초기화되었으나 참조되지 않았습니다.
contents\telnet_parser.cpp(482): warning C4100: 'size': 참조되지 않은 정식 매개 변수입니다.
contents\telnet_parser.cpp(482): warning C4100: 'in_buffer': 참조되지 않은 정식 매개 변수입니다.
contents\telnet_parser.cpp(482): warning C4100: 'sess': 참조되지 않은 정식 매개 변수입니다.
contents\telnet_parser.cpp(487): warning C4100: 'size': 참조되지 않은 정식 매개 변수입니다.
contents\telnet_parser.cpp(487): warning C4100: 'in_buffer': 참조되지 않은 정식 매개 변수입니다.
contents\telnet_parser.cpp(487): warning C4100: 'sess': 참조되지 않은 정식 매개 변수입니다.
  end_point.cpp
C:\Program Files (x86)\Windows Kits\8.1\Include\um\DbgHelp.h(1544): warning C4091: 'typedef ': 변수를 선언하지 않으면 '' 왼쪽은 무시됩니다.
C:\Program Files (x86)\Windows Kits\8.1\Include\um\DbgHelp.h(3190): warning C4091: 'typedef ': 변수를 선언하지 않으면 '' 왼쪽은 무시됩니다.
c:\users\jihwan.cha\documents\github\chat\chat-server\chat_server\common\../core/object_pool.hpp : warning C4819: 현재 코드 페이지(949)에서 표시할 수 없는 문자가 파일에 들어 있습니다. 데이터가 손실되지 않게 하려면 해당 파일을 유니코드 형식으로 저장하십시오.
core\end_point.cpp(12): warning C4459: 'c_port' 선언은 전역 선언을 숨깁니다.
  c:\users\jihwan.cha\documents\github\chat\chat-server\chat_server\common\../core/environment.h(8): note: 'c2::server::core::constant::c_port' 선언을 참조하십시오.
  environment.cpp
C:\Program Files (x86)\Windows Kits\8.1\Include\um\DbgHelp.h(1544): warning C4091: 'typedef ': 변수를 선언하지 않으면 '' 왼쪽은 무시됩니다.
C:\Program Files (x86)\Windows Kits\8.1\Include\um\DbgHelp.h(3190): warning C4091: 'typedef ': 변수를 선언하지 않으면 '' 왼쪽은 무시됩니다.
c:\users\jihwan.cha\documents\github\chat\chat-server\chat_server\common\../core/object_pool.hpp : warning C4819: 현재 코드 페이지(949)에서 표시할 수 없는 문자가 파일에 들어 있습니다. 데이터가 손실되지 않게 하려면 해당 파일을 유니코드 형식으로 저장하십시오.
  payload_buffer.cpp
C:\Program Files (x86)\Windows Kits\8.1\Include\um\DbgHelp.h(1544): warning C4091: 'typedef ': 변수를 선언하지 않으면 '' 왼쪽은 무시됩니다.
C:\Program Files (x86)\Windows Kits\8.1\Include\um\DbgHelp.h(3190): warning C4091: 'typedef ': 변수를 선언하지 않으면 '' 왼쪽은 무시됩니다.
c:\users\jihwan.cha\documents\github\chat\chat-server\chat_server\common\../core/object_pool.hpp : warning C4819: 현재 코드 페이지(949)에서 표시할 수 없는 문자가 파일에 들어 있습니다. 데이터가 손실되지 않게 하려면 해당 파일을 유니코드 형식으로 저장하십시오.
  protocol.cpp
C:\Program Files (x86)\Windows Kits\8.1\Include\um\DbgHelp.h(1544): warning C4091: 'typedef ': 변수를 선언하지 않으면 '' 왼쪽은 무시됩니다.
C:\Program Files (x86)\Windows Kits\8.1\Include\um\DbgHelp.h(3190): warning C4091: 'typedef ': 변수를 선언하지 않으면 '' 왼쪽은 무시됩니다.
c:\users\jihwan.cha\documents\github\chat\chat-server\chat_server\common\../core/object_pool.hpp : warning C4819: 현재 코드 페이지(949)에서 표시할 수 없는 문자가 파일에 들어 있습니다. 데이터가 손실되지 않게 하려면 해당 파일을 유니코드 형식으로 저장하십시오.
  server.cpp
C:\Program Files (x86)\Windows Kits\8.1\Include\um\DbgHelp.h(1544): warning C4091: 'typedef ': 변수를 선언하지 않으면 '' 왼쪽은 무시됩니다.
C:\Program Files (x86)\Windows Kits\8.1\Include\um\DbgHelp.h(3190): warning C4091: 'typedef ': 변수를 선언하지 않으면 '' 왼쪽은 무시됩니다.
c:\users\jihwan.cha\documents\github\chat\chat-server\chat_server\common\../core/object_pool.hpp : warning C4819: 현재 코드 페이지(949)에서 표시할 수 없는 문자가 파일에 들어 있습니다. 데이터가 손실되지 않게 하려면 해당 파일을 유니코드 형식으로 저장하십시오.
core\server.cpp(302): warning C4100: 'sess': 참조되지 않은 정식 매개 변수입니다.
core\server.cpp(303): warning C4100: 'user': 참조되지 않은 정식 매개 변수입니다.
core\server.cpp(304): warning C4100: 'sess': 참조되지 않은 정식 매개 변수입니다.
core\server.cpp(305): warning C4100: 'sess': 참조되지 않은 정식 매개 변수입니다.
  session.cpp
C:\Program Files (x86)\Windows Kits\8.1\Include\um\DbgHelp.h(1544): warning C4091: 'typedef ': 변수를 선언하지 않으면 '' 왼쪽은 무시됩니다.
C:\Program Files (x86)\Windows Kits\8.1\Include\um\DbgHelp.h(3190): warning C4091: 'typedef ': 변수를 선언하지 않으면 '' 왼쪽은 무시됩니다.
c:\users\jihwan.cha\documents\github\chat\chat-server\chat_server\common\../core/object_pool.hpp : warning C4819: 현재 코드 페이지(949)에서 표시할 수 없는 문자가 파일에 들어 있습니다. 데이터가 손실되지 않게 하려면 해당 파일을 유니코드 형식으로 저장하십시오.
core\session.cpp(19): warning C4267: '인수': 'size_t'에서 'int'(으)로 변환하면서 데이터가 손실될 수 있습니다.
core\session.cpp(52): warning C4267: '인수': 'size_t'에서 'int'(으)로 변환하면서 데이터가 손실될 수 있습니다.
core\session.cpp(117): warning C4458: 'state' 선언은 클래스 멤버를 숨깁니다.
  c:\users\jihwan.cha\documents\github\chat\chat-server\chat_server\common\../core/session.h(43): note: 'c2::server::core::session::state' 선언을 참조하십시오.
core\session.cpp(123): warning C4458: 'user' 선언은 클래스 멤버를 숨깁니다.
  c:\users\jihwan.cha\documents\github\chat\chat-server\chat_server\common\../core/session.h(47): note: 'c2::server::core::session::user' 선언을 참조하십시오.
c:\users\jihwan.cha\documents\github\chat\chat-server\chat_server\common\../core/payload_buffer.h(122): warning C4267: '+=': 'size_t'에서 'uint32_t'(으)로 변환하면서 데이터가 손실될 수 있습니다.
  c:\users\jihwan.cha\documents\github\chat\chat-server\chat_server\common\../core/payload_buffer.h(121): note: 클래스 템플릿 멤버 함수 'void payload_buffer<65536>::move_write_head(std::size_t)'을(를) 컴파일하고 있습니다.
  core\session.cpp(33): note: 컴파일 중인 함수 템플릿 인스턴스화 'void payload_buffer<65536>::move_write_head(std::size_t)'에 대한 참조를 확인하십시오.
  c:\users\jihwan.cha\documents\github\chat\chat-server\chat_server\common\../core/session.h(40): note: 컴파일 중인 클래스 템플릿 인스턴스화 'payload_buffer<65536>'에 대한 참조를 확인하십시오.
c:\users\jihwan.cha\documents\github\chat\chat-server\chat_server\common\../core/payload_buffer.h(117): warning C4267: '+=': 'size_t'에서 'uint32_t'(으)로 변환하면서 데이터가 손실될 수 있습니다.
  c:\users\jihwan.cha\documents\github\chat\chat-server\chat_server\common\../core/payload_buffer.h(116): note: 클래스 템플릿 멤버 함수 'void payload_buffer<65536>::move_read_head(std::size_t)'을(를) 컴파일하고 있습니다.
  core\session.cpp(59): note: 컴파일 중인 함수 템플릿 인스턴스화 'void payload_buffer<65536>::move_read_head(std::size_t)'에 대한 참조를 확인하십시오.
c:\users\jihwan.cha\documents\github\chat\chat-server\chat_server\common\../core/payload_buffer.h(82): warning C4267: '=': 'size_t'에서 'uint32_t'(으)로 변환하면서 데이터가 손실될 수 있습니다.
  c:\users\jihwan.cha\documents\github\chat\chat-server\chat_server\common\../core/payload_buffer.h(77): note: 클래스 템플릿 멤버 함수 'void payload_buffer<65536>::rewind(void)'을(를) 컴파일하고 있습니다.
  core\session.cpp(61): note: 컴파일 중인 함수 템플릿 인스턴스화 'void payload_buffer<65536>::rewind(void)'에 대한 참조를 확인하십시오.
c:\users\jihwan.cha\documents\github\chat\chat-server\chat_server\common\../core/payload_buffer.h(51): warning C4267: '+=': 'size_t'에서 'uint32_t'(으)로 변환하면서 데이터가 손실될 수 있습니다.
  c:\users\jihwan.cha\documents\github\chat\chat-server\chat_server\common\../core/payload_buffer.h(42): note: 클래스 템플릿 멤버 함수 'size_t payload_buffer<65536>::write(void *,std::size_t)'을(를) 컴파일하고 있습니다.
  core\session.cpp(66): note: 컴파일 중인 함수 템플릿 인스턴스화 'size_t payload_buffer<65536>::write(void *,std::size_t)'에 대한 참조를 확인하십시오.
  user_interface.cpp
C:\Program Files (x86)\Windows Kits\8.1\Include\um\DbgHelp.h(1544): warning C4091: 'typedef ': 변수를 선언하지 않으면 '' 왼쪽은 무시됩니다.
C:\Program Files (x86)\Windows Kits\8.1\Include\um\DbgHelp.h(3190): warning C4091: 'typedef ': 변수를 선언하지 않으면 '' 왼쪽은 무시됩니다.
c:\users\jihwan.cha\documents\github\chat\chat-server\chat_server\common\../core/object_pool.hpp : warning C4819: 현재 코드 페이지(949)에서 표시할 수 없는 문자가 파일에 들어 있습니다. 데이터가 손실되지 않게 하려면 해당 파일을 유니코드 형식으로 저장하십시오.
  main.cpp
C:\Program Files (x86)\Windows Kits\8.1\Include\um\DbgHelp.h(1544): warning C4091: 'typedef ': 변수를 선언하지 않으면 '' 왼쪽은 무시됩니다.
C:\Program Files (x86)\Windows Kits\8.1\Include\um\DbgHelp.h(3190): warning C4091: 'typedef ': 변수를 선언하지 않으면 '' 왼쪽은 무시됩니다.
c:\users\jihwan.cha\documents\github\chat\chat-server\chat_server\common\../core/object_pool.hpp : warning C4819: 현재 코드 페이지(949)에서 표시할 수 없는 문자가 파일에 들어 있습니다. 데이터가 손실되지 않게 하려면 해당 파일을 유니코드 형식으로 저장하십시오.
main.cpp(19): warning C4305: 'return': '__int64'에서 'int'(으)로 잘립니다.
main.cpp(19): warning C4309: 'return': 상수 값이 잘립니다.
  crash.cpp
C:\Program Files (x86)\Windows Kits\8.1\Include\um\DbgHelp.h(1544): warning C4091: 'typedef ': 변수를 선언하지 않으면 '' 왼쪽은 무시됩니다.
C:\Program Files (x86)\Windows Kits\8.1\Include\um\DbgHelp.h(3190): warning C4091: 'typedef ': 변수를 선언하지 않으면 '' 왼쪽은 무시됩니다.
c:\users\jihwan.cha\documents\github\chat\chat-server\chat_server\common\../core/object_pool.hpp : warning C4819: 현재 코드 페이지(949)에서 표시할 수 없는 문자가 파일에 들어 있습니다. 데이터가 손실되지 않게 하려면 해당 파일을 유니코드 형식으로 저장하십시오.
  dump.cpp
C:\Program Files (x86)\Windows Kits\8.1\Include\um\DbgHelp.h(1544): warning C4091: 'typedef ': 변수를 선언하지 않으면 '' 왼쪽은 무시됩니다.
C:\Program Files (x86)\Windows Kits\8.1\Include\um\DbgHelp.h(3190): warning C4091: 'typedef ': 변수를 선언하지 않으면 '' 왼쪽은 무시됩니다.
c:\users\jihwan.cha\documents\github\chat\chat-server\chat_server\common\../core/object_pool.hpp : warning C4819: 현재 코드 페이지(949)에서 표시할 수 없는 문자가 파일에 들어 있습니다. 데이터가 손실되지 않게 하려면 해당 파일을 유니코드 형식으로 저장하십시오.
util\dump.cpp(11): warning C4100: 'pReserved': 참조되지 않은 정식 매개 변수입니다.
util\dump.cpp(11): warning C4100: 'line': 참조되지 않은 정식 매개 변수입니다.
util\dump.cpp(11): warning C4100: 'filfile': 참조되지 않은 정식 매개 변수입니다.
util\dump.cpp(11): warning C4100: 'function': 참조되지 않은 정식 매개 변수입니다.
util\dump.cpp(11): warning C4100: 'expression': 참조되지 않은 정식 매개 변수입니다.
util\dump.cpp(16): warning C4100: 'error': 참조되지 않은 정식 매개 변수입니다.
  string_view.cpp
C:\Program Files (x86)\Windows Kits\8.1\Include\um\DbgHelp.h(1544): warning C4091: 'typedef ': 변수를 선언하지 않으면 '' 왼쪽은 무시됩니다.
C:\Program Files (x86)\Windows Kits\8.1\Include\um\DbgHelp.h(3190): warning C4091: 'typedef ': 변수를 선언하지 않으면 '' 왼쪽은 무시됩니다.
c:\users\jihwan.cha\documents\github\chat\chat-server\chat_server\common\../core/object_pool.hpp : warning C4819: 현재 코드 페이지(949)에서 표시할 수 없는 문자가 파일에 들어 있습니다. 데이터가 손실되지 않게 하려면 해당 파일을 유니코드 형식으로 저장하십시오.
util\string_view.cpp(9): warning C4458: 'size' 선언은 클래스 멤버를 숨깁니다.
  c:\users\jihwan.cha\documents\github\chat\chat-server\chat_server\common\../util/string_view.h(22): note: 'string_view::size' 선언을 참조하십시오.
util\string_view.cpp(22): warning C4100: 'other': 참조되지 않은 정식 매개 변수입니다.
