  chat_lobby.cpp
C:\Users\charg\Documents\GitHub\chat-server\chat_server\core\object_pool.hpp(1,1): warning C4819: 현재 코드 페이지(949)에서 표시할 수 없는 문자가 파일에 들어 있습니다. 데이터가 손실되지 않게 하려면 해당 파일을 유니코드 형식으로 저장하십시오.
  chat_room.cpp
C:\Users\charg\Documents\GitHub\chat-server\chat_server\core\object_pool.hpp(1,1): warning C4819: 현재 코드 페이지(949)에서 표시할 수 없는 문자가 파일에 들어 있습니다. 데이터가 손실되지 않게 하려면 해당 파일을 유니코드 형식으로 저장하십시오.
C:\Users\charg\Documents\GitHub\chat-server\chat_server\contents\chat_room.cpp(31,46): warning C4458: 'name' 선언은 클래스 멤버를 숨깁니다.
C:\Users\charg\Documents\GitHub\chat-server\chat_server\contents\chat_room.h(37,18): message : 'c2::server::contents::chat_room::name' 선언을 참조하십시오.
  chat_room_manager.cpp
C:\Users\charg\Documents\GitHub\chat-server\chat_server\core\object_pool.hpp(1,1): warning C4819: 현재 코드 페이지(949)에서 표시할 수 없는 문자가 파일에 들어 있습니다. 데이터가 손실되지 않게 하려면 해당 파일을 유니코드 형식으로 저장하십시오.
C:\Users\charg\Documents\GitHub\chat-server\chat_server\contents\chat_room_manager.cpp(51,17): warning C4834: 'nodiscard' 특성이 포함된 함수의 반환 값을 버리는 중
  chat_server.cpp
C:\Users\charg\Documents\GitHub\chat-server\chat_server\core\object_pool.hpp(1,1): warning C4819: 현재 코드 페이지(949)에서 표시할 수 없는 문자가 파일에 들어 있습니다. 데이터가 손실되지 않게 하려면 해당 파일을 유니코드 형식으로 저장하십시오.
C:\Users\charg\Documents\GitHub\chat-server\chat_server\contents\chat_server.cpp(173,9): warning C4267: '인수': 'size_t'에서 'int'(으)로 변환하면서 데이터가 손실될 수 있습니다.
  chat_session.cpp
C:\Users\charg\Documents\GitHub\chat-server\chat_server\core\object_pool.hpp(1,1): warning C4819: 현재 코드 페이지(949)에서 표시할 수 없는 문자가 파일에 들어 있습니다. 데이터가 손실되지 않게 하려면 해당 파일을 유니코드 형식으로 저장하십시오.
C:\Users\charg\Documents\GitHub\chat-server\chat_server\core\payload_buffer.h(134,1): warning C4267: '+=': 'size_t'에서 'uint32_t'(으)로 변환하면서 데이터가 손실될 수 있습니다.
C:\Users\charg\Documents\GitHub\chat-server\chat_server\core\payload_buffer.h(133): message : 클래스 템플릿 멤버 함수 'void payload_buffer<65536>::move_read_head(size_t)'을(를) 컴파일하는 중입니다.
C:\Users\charg\Documents\GitHub\chat-server\chat_server\contents\chat_session.cpp(14): message : 컴파일되는 함수 템플릿 인스턴스화 'void payload_buffer<65536>::move_read_head(size_t)'에 대한 참조를 확인하세요.
C:\Users\charg\Documents\GitHub\chat-server\chat_server\core\session.h(53): message : 컴파일되는 클래스 템플릿 인스턴스화 'payload_buffer<65536>'에 대한 참조를 확인하세요.
C:\Users\charg\Documents\GitHub\chat-server\chat_server\core\payload_buffer.h(92,1): warning C4267: '=': 'size_t'에서 'uint32_t'(으)로 변환하면서 데이터가 손실될 수 있습니다.
C:\Users\charg\Documents\GitHub\chat-server\chat_server\core\payload_buffer.h(86): message : 클래스 템플릿 멤버 함수 'void payload_buffer<65536>::rewind(void)'을(를) 컴파일하는 중입니다.
C:\Users\charg\Documents\GitHub\chat-server\chat_server\contents\chat_session.cpp(16): message : 컴파일되는 함수 템플릿 인스턴스화 'void payload_buffer<65536>::rewind(void)'에 대한 참조를 확인하세요.
  chat_user.cpp
C:\Users\charg\Documents\GitHub\chat-server\chat_server\core\object_pool.hpp(1,1): warning C4819: 현재 코드 페이지(949)에서 표시할 수 없는 문자가 파일에 들어 있습니다. 데이터가 손실되지 않게 하려면 해당 파일을 유니코드 형식으로 저장하십시오.
C:\Users\charg\Documents\GitHub\chat-server\chat_server\contents\chat_user.cpp(17,21): warning C4458: 'room' 선언은 클래스 멤버를 숨깁니다.
C:\Users\charg\Documents\GitHub\chat-server\chat_server\contents\chat_user.h(39,14): message : 'c2::server::contents::chat_user::room' 선언을 참조하십시오.
C:\Users\charg\Documents\GitHub\chat-server\chat_server\contents\chat_user.cpp(57,46): warning C4100: 'user_name': 참조되지 않은 정식 매개 변수입니다.
C:\Users\charg\Documents\GitHub\chat-server\chat_server\contents\chat_user.cpp(82,41): warning C4458: 'name' 선언은 클래스 멤버를 숨깁니다.
C:\Users\charg\Documents\GitHub\chat-server\chat_server\contents\chat_user.h(37,15): message : 'c2::server::contents::chat_user::name' 선언을 참조하십시오.
  contents_text.cpp
C:\Users\charg\Documents\GitHub\chat-server\chat_server\core\object_pool.hpp(1,1): warning C4819: 현재 코드 페이지(949)에서 표시할 수 없는 문자가 파일에 들어 있습니다. 데이터가 손실되지 않게 하려면 해당 파일을 유니코드 형식으로 저장하십시오.
  telnet_parser.cpp
C:\Users\charg\Documents\GitHub\chat-server\chat_server\core\object_pool.hpp(1,1): warning C4819: 현재 코드 페이지(949)에서 표시할 수 없는 문자가 파일에 들어 있습니다. 데이터가 손실되지 않게 하려면 해당 파일을 유니코드 형식으로 저장하십시오.
C:\Users\charg\Documents\GitHub\chat-server\chat_server\contents\telnet_parser.cpp(12,139): warning C4100: 'out_buffer': 참조되지 않은 정식 매개 변수입니다.
C:\Users\charg\Documents\GitHub\chat-server\chat_server\contents\telnet_parser.cpp(324,79): warning C4474: 'printf' : 서식 문자열에 전달된 인수가 너무 많습니다.
C:\Users\charg\Documents\GitHub\chat-server\chat_server\contents\telnet_parser.cpp(324,79): message : 자리 표시자 및 해당 매개 변수에는 variadic 인수가 0개 필요하지만 1개가 제공되었습니다.
C:\Users\charg\Documents\GitHub\chat-server\chat_server\contents\telnet_parser.cpp(358,8): warning C4189: 'end_line_str': 지역 변수가 초기화되었으나 참조되지 않았습니다.
C:\Users\charg\Documents\GitHub\chat-server\chat_server\contents\telnet_parser.cpp(385,86): warning C4100: 'size': 참조되지 않은 정식 매개 변수입니다.
C:\Users\charg\Documents\GitHub\chat-server\chat_server\contents\telnet_parser.cpp(415,88): warning C4100: 'size': 참조되지 않은 정식 매개 변수입니다.
C:\Users\charg\Documents\GitHub\chat-server\chat_server\contents\telnet_parser.cpp(663,86): warning C4100: 'size': 참조되지 않은 정식 매개 변수입니다.
  end_point.cpp
C:\Users\charg\Documents\GitHub\chat-server\chat_server\core\object_pool.hpp(1,1): warning C4819: 현재 코드 페이지(949)에서 표시할 수 없는 문자가 파일에 들어 있습니다. 데이터가 손실되지 않게 하려면 해당 파일을 유니코드 형식으로 저장하십시오.
C:\Users\charg\Documents\GitHub\chat-server\chat_server\core\end_point.cpp(12,60): warning C4459: 'c_port' 선언은 전역 선언을 숨깁니다.
C:\Users\charg\Documents\GitHub\chat-server\chat_server\core\environment.h(10,23): message : 'c2::server::core::constant::c_port' 선언을 참조하십시오.
  environment.cpp
C:\Users\charg\Documents\GitHub\chat-server\chat_server\core\object_pool.hpp(1,1): warning C4819: 현재 코드 페이지(949)에서 표시할 수 없는 문자가 파일에 들어 있습니다. 데이터가 손실되지 않게 하려면 해당 파일을 유니코드 형식으로 저장하십시오.
  payload_buffer.cpp
C:\Users\charg\Documents\GitHub\chat-server\chat_server\core\object_pool.hpp(1,1): warning C4819: 현재 코드 페이지(949)에서 표시할 수 없는 문자가 파일에 들어 있습니다. 데이터가 손실되지 않게 하려면 해당 파일을 유니코드 형식으로 저장하십시오.
  protocol.cpp
C:\Users\charg\Documents\GitHub\chat-server\chat_server\core\object_pool.hpp(1,1): warning C4819: 현재 코드 페이지(949)에서 표시할 수 없는 문자가 파일에 들어 있습니다. 데이터가 손실되지 않게 하려면 해당 파일을 유니코드 형식으로 저장하십시오.
  server.cpp
C:\Users\charg\Documents\GitHub\chat-server\chat_server\core\object_pool.hpp(1,1): warning C4819: 현재 코드 페이지(949)에서 표시할 수 없는 문자가 파일에 들어 있습니다. 데이터가 손실되지 않게 하려면 해당 파일을 유니코드 형식으로 저장하십시오.
C:\Users\charg\Documents\GitHub\chat-server\chat_server\core\server.cpp(155,53): warning C4100: 'user_name': 참조되지 않은 정식 매개 변수입니다.
C:\Users\charg\Documents\GitHub\chat-server\chat_server\core\server.cpp(325,44): warning C4100: 'sess': 참조되지 않은 정식 매개 변수입니다.
C:\Users\charg\Documents\GitHub\chat-server\chat_server\core\server.cpp(326,40): warning C4100: 'user': 참조되지 않은 정식 매개 변수입니다.
C:\Users\charg\Documents\GitHub\chat-server\chat_server\core\server.cpp(327,39): warning C4100: 'sock': 참조되지 않은 정식 매개 변수입니다.
C:\Users\charg\Documents\GitHub\chat-server\chat_server\core\server.cpp(328,47): warning C4100: 'sess': 참조되지 않은 정식 매개 변수입니다.
C:\Users\charg\Documents\GitHub\chat-server\chat_server\core\server.cpp(329,45): warning C4100: 'sess': 참조되지 않은 정식 매개 변수입니다.
  session.cpp
C:\Users\charg\Documents\GitHub\chat-server\chat_server\core\object_pool.hpp(1,1): warning C4819: 현재 코드 페이지(949)에서 표시할 수 없는 문자가 파일에 들어 있습니다. 데이터가 손실되지 않게 하려면 해당 파일을 유니코드 형식으로 저장하십시오.
C:\Users\charg\Documents\GitHub\chat-server\chat_server\core\session.cpp(19,108): warning C4267: '인수': 'size_t'에서 'int'(으)로 변환하면서 데이터가 손실될 수 있습니다.
C:\Users\charg\Documents\GitHub\chat-server\chat_server\core\session.cpp(47,88): warning C4267: '인수': 'size_t'에서 'int'(으)로 변환하면서 데이터가 손실될 수 있습니다.
C:\Users\charg\Documents\GitHub\chat-server\chat_server\core\session.cpp(114,42): warning C4458: 'state' 선언은 클래스 멤버를 숨깁니다.
C:\Users\charg\Documents\GitHub\chat-server\chat_server\core\session.h(58,22): message : 'c2::server::core::session::state' 선언을 참조하십시오.
C:\Users\charg\Documents\GitHub\chat-server\chat_server\core\session.cpp(120,33): warning C4458: 'user' 선언은 클래스 멤버를 숨깁니다.
C:\Users\charg\Documents\GitHub\chat-server\chat_server\core\session.h(62,16): message : 'c2::server::core::session::user' 선언을 참조하십시오.
C:\Users\charg\Documents\GitHub\chat-server\chat_server\core\session.cpp(127,34): warning C4458: 'port' 선언은 클래스 멤버를 숨깁니다.
C:\Users\charg\Documents\GitHub\chat-server\chat_server\core\session.h(60,16): message : 'c2::server::core::session::port' 선언을 참조하십시오.
C:\Users\charg\Documents\GitHub\chat-server\chat_server\core\session.cpp(132,32): warning C4458: 'ip' 선언은 클래스 멤버를 숨깁니다.
C:\Users\charg\Documents\GitHub\chat-server\chat_server\core\session.h(59,15): message : 'c2::server::core::session::ip' 선언을 참조하십시오.
C:\Users\charg\Documents\GitHub\chat-server\chat_server\core\payload_buffer.h(140,1): warning C4267: '+=': 'size_t'에서 'uint32_t'(으)로 변환하면서 데이터가 손실될 수 있습니다.
C:\Users\charg\Documents\GitHub\chat-server\chat_server\core\payload_buffer.h(139): message : 클래스 템플릿 멤버 함수 'void payload_buffer<65536>::move_write_head(size_t)'을(를) 컴파일하는 중입니다.
C:\Users\charg\Documents\GitHub\chat-server\chat_server\core\session.cpp(37): message : 컴파일되는 함수 템플릿 인스턴스화 'void payload_buffer<65536>::move_write_head(size_t)'에 대한 참조를 확인하세요.
C:\Users\charg\Documents\GitHub\chat-server\chat_server\core\session.h(53): message : 컴파일되는 클래스 템플릿 인스턴스화 'payload_buffer<65536>'에 대한 참조를 확인하세요.
C:\Users\charg\Documents\GitHub\chat-server\chat_server\core\payload_buffer.h(134,1): warning C4267: '+=': 'size_t'에서 'uint32_t'(으)로 변환하면서 데이터가 손실될 수 있습니다.
C:\Users\charg\Documents\GitHub\chat-server\chat_server\core\payload_buffer.h(133): message : 클래스 템플릿 멤버 함수 'void payload_buffer<65536>::move_read_head(size_t)'을(를) 컴파일하는 중입니다.
C:\Users\charg\Documents\GitHub\chat-server\chat_server\core\session.cpp(56): message : 컴파일되는 함수 템플릿 인스턴스화 'void payload_buffer<65536>::move_read_head(size_t)'에 대한 참조를 확인하세요.
C:\Users\charg\Documents\GitHub\chat-server\chat_server\core\payload_buffer.h(92,1): warning C4267: '=': 'size_t'에서 'uint32_t'(으)로 변환하면서 데이터가 손실될 수 있습니다.
C:\Users\charg\Documents\GitHub\chat-server\chat_server\core\payload_buffer.h(86): message : 클래스 템플릿 멤버 함수 'void payload_buffer<65536>::rewind(void)'을(를) 컴파일하는 중입니다.
C:\Users\charg\Documents\GitHub\chat-server\chat_server\core\session.cpp(58): message : 컴파일되는 함수 템플릿 인스턴스화 'void payload_buffer<65536>::rewind(void)'에 대한 참조를 확인하세요.
C:\Users\charg\Documents\GitHub\chat-server\chat_server\core\payload_buffer.h(57,1): warning C4267: '+=': 'size_t'에서 'uint32_t'(으)로 변환하면서 데이터가 손실될 수 있습니다.
C:\Users\charg\Documents\GitHub\chat-server\chat_server\core\payload_buffer.h(48): message : 클래스 템플릿 멤버 함수 'size_t payload_buffer<65536>::write(void *,size_t)'을(를) 컴파일하는 중입니다.
C:\Users\charg\Documents\GitHub\chat-server\chat_server\core\session.cpp(63): message : 컴파일되는 함수 템플릿 인스턴스화 'size_t payload_buffer<65536>::write(void *,size_t)'에 대한 참조를 확인하세요.
  user_interface.cpp
C:\Users\charg\Documents\GitHub\chat-server\chat_server\core\object_pool.hpp(1,1): warning C4819: 현재 코드 페이지(949)에서 표시할 수 없는 문자가 파일에 들어 있습니다. 데이터가 손실되지 않게 하려면 해당 파일을 유니코드 형식으로 저장하십시오.
  main.cpp
C:\Users\charg\Documents\GitHub\chat-server\chat_server\core\object_pool.hpp(1,1): warning C4819: 현재 코드 페이지(949)에서 표시할 수 없는 문자가 파일에 들어 있습니다. 데이터가 손실되지 않게 하려면 해당 파일을 유니코드 형식으로 저장하십시오.
C:\Users\charg\Documents\GitHub\chat-server\chat_server\main.cpp(17,22): warning C4305: 'return': '__int64'에서 'int'(으)로 잘립니다.
C:\Users\charg\Documents\GitHub\chat-server\chat_server\main.cpp(17,9): warning C4309: 'return': 상수 값이 잘립니다.
  crash.cpp
C:\Users\charg\Documents\GitHub\chat-server\chat_server\core\object_pool.hpp(1,1): warning C4819: 현재 코드 페이지(949)에서 표시할 수 없는 문자가 파일에 들어 있습니다. 데이터가 손실되지 않게 하려면 해당 파일을 유니코드 형식으로 저장하십시오.
  dump.cpp
C:\Users\charg\Documents\GitHub\chat-server\chat_server\core\object_pool.hpp(1,1): warning C4819: 현재 코드 페이지(949)에서 표시할 수 없는 문자가 파일에 들어 있습니다. 데이터가 손실되지 않게 하려면 해당 파일을 유니코드 형식으로 저장하십시오.
C:\Users\charg\Documents\GitHub\chat-server\chat_server\util\dump.cpp(11,138): warning C4100: 'pReserved': 참조되지 않은 정식 매개 변수입니다.
C:\Users\charg\Documents\GitHub\chat-server\chat_server\util\dump.cpp(11,122): warning C4100: 'line': 참조되지 않은 정식 매개 변수입니다.
C:\Users\charg\Documents\GitHub\chat-server\chat_server\util\dump.cpp(11,100): warning C4100: 'filfile': 참조되지 않은 정식 매개 변수입니다.
C:\Users\charg\Documents\GitHub\chat-server\chat_server\util\dump.cpp(11,75): warning C4100: 'function': 참조되지 않은 정식 매개 변수입니다.
C:\Users\charg\Documents\GitHub\chat-server\chat_server\util\dump.cpp(11,48): warning C4100: 'expression': 참조되지 않은 정식 매개 변수입니다.
C:\Users\charg\Documents\GitHub\chat-server\chat_server\util\dump.cpp(16,26): warning C4100: 'error': 참조되지 않은 정식 매개 변수입니다.
  log.cpp
C:\Users\charg\Documents\GitHub\chat-server\chat_server\core\object_pool.hpp(1,1): warning C4819: 현재 코드 페이지(949)에서 표시할 수 없는 문자가 파일에 들어 있습니다. 데이터가 손실되지 않게 하려면 해당 파일을 유니코드 형식으로 저장하십시오.
  코드를 생성하고 있습니다...
  chat_server.vcxproj -> C:\Users\charg\Documents\GitHub\chat-server\x64\Debug\chat_server.exe
